mode: set
github.com/canadadry/pml/compiler/ast/ast.go:30.37,32.2 1 0
github.com/canadadry/pml/compiler/ast/ast.go:34.104,37.9 2 0
github.com/canadadry/pml/compiler/ast/ast.go:41.2,41.35 1 0
github.com/canadadry/pml/compiler/ast/ast.go:44.2,52.16 4 0
github.com/canadadry/pml/compiler/ast/ast.go:59.2,59.15 1 0
github.com/canadadry/pml/compiler/ast/ast.go:37.9,39.3 1 0
github.com/canadadry/pml/compiler/ast/ast.go:41.35,43.3 1 0
github.com/canadadry/pml/compiler/ast/ast.go:53.9,54.59 1 0
github.com/canadadry/pml/compiler/ast/ast.go:55.10,56.48 1 0
github.com/canadadry/pml/compiler/ast/ast.go:61.98,63.9 2 0
github.com/canadadry/pml/compiler/ast/ast.go:67.2,67.35 1 0
github.com/canadadry/pml/compiler/ast/ast.go:71.2,72.16 2 0
github.com/canadadry/pml/compiler/ast/ast.go:75.2,75.19 1 0
github.com/canadadry/pml/compiler/ast/ast.go:63.9,65.3 1 0
github.com/canadadry/pml/compiler/ast/ast.go:67.35,69.3 1 0
github.com/canadadry/pml/compiler/ast/ast.go:72.16,74.3 1 0
github.com/canadadry/pml/compiler/ast/ast.go:77.97,80.9 2 0
github.com/canadadry/pml/compiler/ast/ast.go:84.2,84.36 1 0
github.com/canadadry/pml/compiler/ast/ast.go:87.2,87.31 1 0
github.com/canadadry/pml/compiler/ast/ast.go:80.9,82.3 1 0
github.com/canadadry/pml/compiler/ast/ast.go:84.36,86.3 1 0
github.com/canadadry/pml/compiler/ast/ast.go:89.101,92.9 2 0
github.com/canadadry/pml/compiler/ast/ast.go:96.2,96.40 1 0
github.com/canadadry/pml/compiler/ast/ast.go:99.2,99.31 1 0
github.com/canadadry/pml/compiler/ast/ast.go:92.9,94.3 1 0
github.com/canadadry/pml/compiler/ast/ast.go:96.40,98.3 1 0
github.com/canadadry/pml/compiler/ast/ast.go:102.126,105.16 2 0
github.com/canadadry/pml/compiler/ast/ast.go:109.2,109.27 1 0
github.com/canadadry/pml/compiler/ast/ast.go:115.2,115.75 1 0
github.com/canadadry/pml/compiler/ast/ast.go:105.16,107.3 1 0
github.com/canadadry/pml/compiler/ast/ast.go:109.27,110.13 1 0
github.com/canadadry/pml/compiler/ast/ast.go:110.13,112.4 1 0
github.com/canadadry/pml/compiler/lexer/lexer.go:16.32,27.2 3 1
github.com/canadadry/pml/compiler/lexer/lexer.go:29.48,30.29 1 1
github.com/canadadry/pml/compiler/lexer/lexer.go:33.2,40.18 2 1
github.com/canadadry/pml/compiler/lexer/lexer.go:76.2,76.12 1 1
github.com/canadadry/pml/compiler/lexer/lexer.go:30.29,32.3 1 1
github.com/canadadry/pml/compiler/lexer/lexer.go:41.11,43.19 2 1
github.com/canadadry/pml/compiler/lexer/lexer.go:44.11,46.19 2 1
github.com/canadadry/pml/compiler/lexer/lexer.go:47.11,49.19 2 1
github.com/canadadry/pml/compiler/lexer/lexer.go:50.9,53.19 3 1
github.com/canadadry/pml/compiler/lexer/lexer.go:54.11,57.35 3 1
github.com/canadadry/pml/compiler/lexer/lexer.go:58.11,60.44 2 1
github.com/canadadry/pml/compiler/lexer/lexer.go:61.10,62.10 1 1
github.com/canadadry/pml/compiler/lexer/lexer.go:63.27,65.40 2 1
github.com/canadadry/pml/compiler/lexer/lexer.go:66.28,69.24 3 1
github.com/canadadry/pml/compiler/lexer/lexer.go:70.11,72.20 2 1
github.com/canadadry/pml/compiler/lexer/lexer.go:79.32,83.22 2 1
github.com/canadadry/pml/compiler/lexer/lexer.go:88.2,90.36 2 1
github.com/canadadry/pml/compiler/lexer/lexer.go:94.2,95.17 2 1
github.com/canadadry/pml/compiler/lexer/lexer.go:83.22,86.3 2 1
github.com/canadadry/pml/compiler/lexer/lexer.go:90.36,92.3 1 1
github.com/canadadry/pml/compiler/lexer/lexer.go:99.29,101.2 1 1
github.com/canadadry/pml/compiler/lexer/lexer.go:103.45,105.48 2 1
github.com/canadadry/pml/compiler/lexer/lexer.go:108.2,108.42 1 1
github.com/canadadry/pml/compiler/lexer/lexer.go:105.48,107.3 1 1
github.com/canadadry/pml/compiler/lexer/lexer.go:111.30,113.2 1 1
github.com/canadadry/pml/compiler/lexer/lexer.go:115.61,117.26 2 1
github.com/canadadry/pml/compiler/lexer/lexer.go:121.2,121.14 1 1
github.com/canadadry/pml/compiler/lexer/lexer.go:138.2,138.55 1 1
github.com/canadadry/pml/compiler/lexer/lexer.go:117.26,119.3 1 1
github.com/canadadry/pml/compiler/lexer/lexer.go:122.26,123.3 1 1
github.com/canadadry/pml/compiler/lexer/lexer.go:129.23,130.3 1 1
github.com/canadadry/pml/compiler/lexer/lexer.go:123.3,124.50 1 1
github.com/canadadry/pml/compiler/lexer/lexer.go:127.4,127.59 1 1
github.com/canadadry/pml/compiler/lexer/lexer.go:124.50,126.5 1 1
github.com/canadadry/pml/compiler/lexer/lexer.go:130.3,132.28 2 1
github.com/canadadry/pml/compiler/lexer/lexer.go:132.28,134.5 1 1
github.com/canadadry/pml/compiler/lexer/lexer.go:141.33,143.2 1 1
github.com/canadadry/pml/compiler/lexer/lexer.go:145.41,147.39 2 1
github.com/canadadry/pml/compiler/lexer/lexer.go:150.2,151.42 2 1
github.com/canadadry/pml/compiler/lexer/lexer.go:147.39,149.3 1 1
github.com/canadadry/pml/compiler/lexer/lexer.go:154.26,156.2 1 1
github.com/canadadry/pml/compiler/lexer/lexer.go:158.31,160.2 1 1
github.com/canadadry/pml/compiler/lexer/lexer.go:162.59,164.27 2 1
github.com/canadadry/pml/compiler/lexer/lexer.go:167.2,168.32 2 1
github.com/canadadry/pml/compiler/lexer/lexer.go:171.2,171.55 1 1
github.com/canadadry/pml/compiler/lexer/lexer.go:164.27,166.3 1 1
github.com/canadadry/pml/compiler/lexer/lexer.go:168.32,170.3 1 1
github.com/canadadry/pml/compiler/compiler.go:12.86,14.16 2 0
github.com/canadadry/pml/compiler/compiler.go:18.2,21.16 4 0
github.com/canadadry/pml/compiler/compiler.go:25.2,27.16 3 0
github.com/canadadry/pml/compiler/compiler.go:30.2,30.12 1 0
github.com/canadadry/pml/compiler/compiler.go:14.16,16.3 1 0
github.com/canadadry/pml/compiler/compiler.go:21.16,23.3 1 0
github.com/canadadry/pml/compiler/compiler.go:27.16,29.3 1 0
github.com/canadadry/pml/compiler/parser/parse_item.go:9.49,10.42 1 1
github.com/canadadry/pml/compiler/parser/parse_item.go:14.2,21.16 3 1
github.com/canadadry/pml/compiler/parser/parse_item.go:25.2,25.39 1 1
github.com/canadadry/pml/compiler/parser/parse_item.go:43.2,44.16 2 1
github.com/canadadry/pml/compiler/parser/parse_item.go:48.2,48.18 1 1
github.com/canadadry/pml/compiler/parser/parse_item.go:10.42,12.3 1 1
github.com/canadadry/pml/compiler/parser/parse_item.go:21.16,23.3 1 1
github.com/canadadry/pml/compiler/parser/parse_item.go:25.39,28.33 2 1
github.com/canadadry/pml/compiler/parser/parse_item.go:28.33,29.54 1 1
github.com/canadadry/pml/compiler/parser/parse_item.go:29.54,31.5 1 1
github.com/canadadry/pml/compiler/parser/parse_item.go:32.9,32.46 1 1
github.com/canadadry/pml/compiler/parser/parse_item.go:32.46,34.18 2 1
github.com/canadadry/pml/compiler/parser/parse_item.go:37.4,37.49 1 1
github.com/canadadry/pml/compiler/parser/parse_item.go:34.18,36.5 1 1
github.com/canadadry/pml/compiler/parser/parse_item.go:38.9,40.4 1 1
github.com/canadadry/pml/compiler/parser/parse_item.go:44.16,46.3 1 1
github.com/canadadry/pml/compiler/parser/parse_item.go:51.60,57.8 5 1
github.com/canadadry/pml/compiler/parser/parse_item.go:60.2,61.16 2 1
github.com/canadadry/pml/compiler/parser/parse_item.go:64.2,66.12 2 1
github.com/canadadry/pml/compiler/parser/parse_item.go:57.8,59.3 1 1
github.com/canadadry/pml/compiler/parser/parse_item.go:61.16,63.3 1 1
github.com/canadadry/pml/compiler/parser/parse_item.go:69.51,74.24 2 1
github.com/canadadry/pml/compiler/parser/parse_item.go:85.2,85.81 1 1
github.com/canadadry/pml/compiler/parser/parse_item.go:75.24,76.16 1 1
github.com/canadadry/pml/compiler/parser/parse_item.go:77.19,78.16 1 1
github.com/canadadry/pml/compiler/parser/parse_item.go:79.20,80.16 1 1
github.com/canadadry/pml/compiler/parser/parse_item.go:81.19,82.16 1 1
github.com/canadadry/pml/compiler/parser/parser.go:16.33,22.2 1 1
github.com/canadadry/pml/compiler/parser/parser.go:24.45,26.2 1 1
github.com/canadadry/pml/compiler/parser/parser.go:28.34,31.2 2 1
github.com/canadadry/pml/compiler/parser/parser.go:33.58,35.2 1 1
github.com/canadadry/pml/compiler/parser/parser.go:36.55,38.2 1 1
github.com/canadadry/pml/compiler/parser/parser.go:40.62,41.24 1 1
github.com/canadadry/pml/compiler/parser/parser.go:44.2,46.12 2 1
github.com/canadadry/pml/compiler/parser/parser.go:41.24,43.3 1 1
github.com/canadadry/pml/compiler/renderer/node_generator.go:62.44,68.2 5 1
github.com/canadadry/pml/compiler/renderer/node_generator.go:70.45,72.44 1 1
github.com/canadadry/pml/compiler/renderer/node_generator.go:75.2,75.27 1 1
github.com/canadadry/pml/compiler/renderer/node_generator.go:72.44,74.3 1 1
github.com/canadadry/pml/compiler/renderer/node_generator.go:78.49,80.16 2 1
github.com/canadadry/pml/compiler/renderer/node_generator.go:83.2,84.16 2 1
github.com/canadadry/pml/compiler/renderer/node_generator.go:87.2,87.34 1 1
github.com/canadadry/pml/compiler/renderer/node_generator.go:97.2,97.15 1 1
github.com/canadadry/pml/compiler/renderer/node_generator.go:80.16,82.3 1 1
github.com/canadadry/pml/compiler/renderer/node_generator.go:84.16,86.3 1 1
github.com/canadadry/pml/compiler/renderer/node_generator.go:87.34,89.17 2 1
github.com/canadadry/pml/compiler/renderer/node_generator.go:92.3,93.17 2 1
github.com/canadadry/pml/compiler/renderer/node_generator.go:89.17,91.4 1 1
github.com/canadadry/pml/compiler/renderer/node_generator.go:93.17,95.4 1 1
github.com/canadadry/pml/compiler/renderer/node_generator.go:100.51,101.32 1 1
github.com/canadadry/pml/compiler/renderer/node_generator.go:121.2,121.29 1 1
github.com/canadadry/pml/compiler/renderer/node_generator.go:102.20,103.48 1 1
github.com/canadadry/pml/compiler/renderer/node_generator.go:104.16,105.44 1 1
github.com/canadadry/pml/compiler/renderer/node_generator.go:106.21,107.49 1 1
github.com/canadadry/pml/compiler/renderer/node_generator.go:108.16,109.26 1 1
github.com/canadadry/pml/compiler/renderer/node_generator.go:110.16,111.26 1 1
github.com/canadadry/pml/compiler/renderer/node_generator.go:112.17,113.27 1 1
github.com/canadadry/pml/compiler/renderer/node_generator.go:114.18,115.28 1 1
github.com/canadadry/pml/compiler/renderer/node_generator.go:116.21,117.31 1 1
github.com/canadadry/pml/compiler/renderer/node_generator.go:118.21,119.31 1 1
github.com/canadadry/pml/compiler/renderer/node_generator.go:128.42,128.63 1 1
github.com/canadadry/pml/compiler/renderer/node_generator.go:129.51,130.22 1 1
github.com/canadadry/pml/compiler/renderer/node_generator.go:148.2,149.12 2 1
github.com/canadadry/pml/compiler/renderer/node_generator.go:131.21,132.31 1 1
github.com/canadadry/pml/compiler/renderer/node_generator.go:133.17,133.17 0 1
github.com/canadadry/pml/compiler/renderer/node_generator.go:134.22,135.31 1 1
github.com/canadadry/pml/compiler/renderer/node_generator.go:136.17,137.31 1 1
github.com/canadadry/pml/compiler/renderer/node_generator.go:138.17,138.17 0 1
github.com/canadadry/pml/compiler/renderer/node_generator.go:139.18,140.31 1 1
github.com/canadadry/pml/compiler/renderer/node_generator.go:141.19,142.31 1 1
github.com/canadadry/pml/compiler/renderer/node_generator.go:143.22,144.31 1 1
github.com/canadadry/pml/compiler/renderer/node_generator.go:145.22,146.31 1 1
github.com/canadadry/pml/compiler/renderer/node_generator.go:151.50,151.64 1 1
github.com/canadadry/pml/compiler/renderer/node_generator.go:152.50,152.65 1 1
github.com/canadadry/pml/compiler/renderer/node_generator.go:153.77,155.2 1 1
github.com/canadadry/pml/compiler/renderer/node_generator.go:166.48,169.16 3 1
github.com/canadadry/pml/compiler/renderer/node_generator.go:172.2,173.16 2 1
github.com/canadadry/pml/compiler/renderer/node_generator.go:176.2,177.16 2 1
github.com/canadadry/pml/compiler/renderer/node_generator.go:180.2,181.16 2 1
github.com/canadadry/pml/compiler/renderer/node_generator.go:184.2,186.16 3 1
github.com/canadadry/pml/compiler/renderer/node_generator.go:189.2,191.16 3 1
github.com/canadadry/pml/compiler/renderer/node_generator.go:194.2,194.12 1 1
github.com/canadadry/pml/compiler/renderer/node_generator.go:169.16,171.3 1 1
github.com/canadadry/pml/compiler/renderer/node_generator.go:173.16,175.3 1 1
github.com/canadadry/pml/compiler/renderer/node_generator.go:177.16,179.3 1 1
github.com/canadadry/pml/compiler/renderer/node_generator.go:181.16,183.3 1 1
github.com/canadadry/pml/compiler/renderer/node_generator.go:186.16,188.3 1 0
github.com/canadadry/pml/compiler/renderer/node_generator.go:191.16,193.3 1 0
github.com/canadadry/pml/compiler/renderer/node_generator.go:201.43,201.64 1 1
github.com/canadadry/pml/compiler/renderer/node_generator.go:202.43,202.58 1 1
github.com/canadadry/pml/compiler/renderer/node_generator.go:203.47,204.22 1 1
github.com/canadadry/pml/compiler/renderer/node_generator.go:218.2,219.12 2 1
github.com/canadadry/pml/compiler/renderer/node_generator.go:205.21,206.31 1 1
github.com/canadadry/pml/compiler/renderer/node_generator.go:207.17,208.31 1 1
github.com/canadadry/pml/compiler/renderer/node_generator.go:209.22,209.22 0 1
github.com/canadadry/pml/compiler/renderer/node_generator.go:210.17,210.17 0 1
github.com/canadadry/pml/compiler/renderer/node_generator.go:211.17,212.31 1 1
github.com/canadadry/pml/compiler/renderer/node_generator.go:213.18,213.18 0 1
github.com/canadadry/pml/compiler/renderer/node_generator.go:214.19,214.19 0 1
github.com/canadadry/pml/compiler/renderer/node_generator.go:215.22,215.22 0 1
github.com/canadadry/pml/compiler/renderer/node_generator.go:216.22,216.22 0 1
github.com/canadadry/pml/compiler/renderer/node_generator.go:221.46,221.60 1 1
github.com/canadadry/pml/compiler/renderer/node_generator.go:222.73,225.2 2 1
github.com/canadadry/pml/compiler/renderer/node_generator.go:233.48,233.69 1 1
github.com/canadadry/pml/compiler/renderer/node_generator.go:234.48,234.63 1 1
github.com/canadadry/pml/compiler/renderer/node_generator.go:235.52,236.22 1 1
github.com/canadadry/pml/compiler/renderer/node_generator.go:251.2,252.12 2 1
github.com/canadadry/pml/compiler/renderer/node_generator.go:237.21,238.31 1 1
github.com/canadadry/pml/compiler/renderer/node_generator.go:239.17,240.31 1 1
github.com/canadadry/pml/compiler/renderer/node_generator.go:241.22,241.22 0 1
github.com/canadadry/pml/compiler/renderer/node_generator.go:242.17,242.17 0 1
github.com/canadadry/pml/compiler/renderer/node_generator.go:243.17,244.31 1 1
github.com/canadadry/pml/compiler/renderer/node_generator.go:245.18,245.18 0 1
github.com/canadadry/pml/compiler/renderer/node_generator.go:246.19,246.19 0 1
github.com/canadadry/pml/compiler/renderer/node_generator.go:247.22,247.22 0 1
github.com/canadadry/pml/compiler/renderer/node_generator.go:248.22,249.31 1 1
github.com/canadadry/pml/compiler/renderer/node_generator.go:254.56,258.16 3 1
github.com/canadadry/pml/compiler/renderer/node_generator.go:261.2,261.31 1 1
github.com/canadadry/pml/compiler/renderer/node_generator.go:258.16,260.3 1 1
github.com/canadadry/pml/compiler/renderer/node_generator.go:263.78,268.2 4 1
github.com/canadadry/pml/compiler/renderer/node_generator.go:279.47,279.61 1 1
github.com/canadadry/pml/compiler/renderer/node_generator.go:280.47,280.79 1 1
github.com/canadadry/pml/compiler/renderer/node_generator.go:281.47,281.62 1 1
github.com/canadadry/pml/compiler/renderer/node_generator.go:282.51,285.16 3 1
github.com/canadadry/pml/compiler/renderer/node_generator.go:288.2,289.16 2 1
github.com/canadadry/pml/compiler/renderer/node_generator.go:292.2,307.16 3 1
github.com/canadadry/pml/compiler/renderer/node_generator.go:310.2,311.16 2 1
github.com/canadadry/pml/compiler/renderer/node_generator.go:314.2,315.16 2 1
github.com/canadadry/pml/compiler/renderer/node_generator.go:318.2,318.31 1 1
github.com/canadadry/pml/compiler/renderer/node_generator.go:285.16,287.3 1 1
github.com/canadadry/pml/compiler/renderer/node_generator.go:289.16,291.3 1 1
github.com/canadadry/pml/compiler/renderer/node_generator.go:307.16,309.3 1 1
github.com/canadadry/pml/compiler/renderer/node_generator.go:311.16,313.3 1 1
github.com/canadadry/pml/compiler/renderer/node_generator.go:315.16,317.3 1 1
github.com/canadadry/pml/compiler/renderer/node_generator.go:320.73,322.26 1 1
github.com/canadadry/pml/compiler/renderer/node_generator.go:325.2,329.16 5 1
github.com/canadadry/pml/compiler/renderer/node_generator.go:322.26,324.3 1 1
github.com/canadadry/pml/compiler/renderer/node_generator.go:337.47,337.61 1 1
github.com/canadadry/pml/compiler/renderer/node_generator.go:338.47,338.79 1 1
github.com/canadadry/pml/compiler/renderer/node_generator.go:339.47,339.62 1 1
github.com/canadadry/pml/compiler/renderer/node_generator.go:340.51,343.16 3 1
github.com/canadadry/pml/compiler/renderer/node_generator.go:346.2,347.16 2 1
github.com/canadadry/pml/compiler/renderer/node_generator.go:350.2,350.12 1 1
github.com/canadadry/pml/compiler/renderer/node_generator.go:343.16,345.3 1 1
github.com/canadadry/pml/compiler/renderer/node_generator.go:347.16,349.3 1 1
github.com/canadadry/pml/compiler/renderer/node_generator.go:352.73,355.2 2 1
github.com/canadadry/pml/compiler/renderer/node_generator.go:363.48,363.62 1 1
github.com/canadadry/pml/compiler/renderer/node_generator.go:364.48,364.80 1 1
github.com/canadadry/pml/compiler/renderer/node_generator.go:365.48,365.63 1 1
github.com/canadadry/pml/compiler/renderer/node_generator.go:366.52,369.16 3 1
github.com/canadadry/pml/compiler/renderer/node_generator.go:372.2,374.16 3 1
github.com/canadadry/pml/compiler/renderer/node_generator.go:378.2,378.31 1 1
github.com/canadadry/pml/compiler/renderer/node_generator.go:369.16,371.3 1 1
github.com/canadadry/pml/compiler/renderer/node_generator.go:374.16,376.3 1 1
github.com/canadadry/pml/compiler/renderer/node_generator.go:380.74,381.22 1 1
github.com/canadadry/pml/compiler/renderer/node_generator.go:384.2,385.27 2 1
github.com/canadadry/pml/compiler/renderer/node_generator.go:399.2,401.16 3 1
github.com/canadadry/pml/compiler/renderer/node_generator.go:381.22,383.3 1 1
github.com/canadadry/pml/compiler/renderer/node_generator.go:385.27,387.17 2 1
github.com/canadadry/pml/compiler/renderer/node_generator.go:390.3,391.12 2 1
github.com/canadadry/pml/compiler/renderer/node_generator.go:387.17,389.4 1 1
github.com/canadadry/pml/compiler/renderer/node_generator.go:392.8,394.17 2 1
github.com/canadadry/pml/compiler/renderer/node_generator.go:397.3,397.32 1 1
github.com/canadadry/pml/compiler/renderer/node_generator.go:394.17,396.4 1 1
github.com/canadadry/pml/compiler/renderer/node_generator.go:409.49,409.63 1 1
github.com/canadadry/pml/compiler/renderer/node_generator.go:410.49,410.81 1 1
github.com/canadadry/pml/compiler/renderer/node_generator.go:411.49,411.64 1 1
github.com/canadadry/pml/compiler/renderer/node_generator.go:412.53,415.16 3 1
github.com/canadadry/pml/compiler/renderer/node_generator.go:419.2,419.31 1 1
github.com/canadadry/pml/compiler/renderer/node_generator.go:415.16,417.3 1 1
github.com/canadadry/pml/compiler/renderer/node_generator.go:421.75,422.22 1 1
github.com/canadadry/pml/compiler/renderer/node_generator.go:425.2,426.16 2 1
github.com/canadadry/pml/compiler/renderer/node_generator.go:429.2,432.16 4 1
github.com/canadadry/pml/compiler/renderer/node_generator.go:422.22,424.3 1 1
github.com/canadadry/pml/compiler/renderer/node_generator.go:426.16,428.3 1 1
github.com/canadadry/pml/compiler/renderer/node_generator.go:441.48,441.69 1 1
github.com/canadadry/pml/compiler/renderer/node_generator.go:442.48,442.64 1 1
github.com/canadadry/pml/compiler/renderer/node_generator.go:443.52,444.22 1 1
github.com/canadadry/pml/compiler/renderer/node_generator.go:463.2,464.12 2 1
github.com/canadadry/pml/compiler/renderer/node_generator.go:445.21,446.31 1 1
github.com/canadadry/pml/compiler/renderer/node_generator.go:447.17,448.31 1 1
github.com/canadadry/pml/compiler/renderer/node_generator.go:449.22,450.31 1 1
github.com/canadadry/pml/compiler/renderer/node_generator.go:451.17,451.17 0 1
github.com/canadadry/pml/compiler/renderer/node_generator.go:452.17,453.31 1 1
github.com/canadadry/pml/compiler/renderer/node_generator.go:454.18,455.31 1 1
github.com/canadadry/pml/compiler/renderer/node_generator.go:456.19,457.31 1 1
github.com/canadadry/pml/compiler/renderer/node_generator.go:458.22,459.31 1 1
github.com/canadadry/pml/compiler/renderer/node_generator.go:460.22,461.31 1 1
github.com/canadadry/pml/compiler/renderer/node_generator.go:466.56,470.16 3 1
github.com/canadadry/pml/compiler/renderer/node_generator.go:473.2,475.16 3 1
github.com/canadadry/pml/compiler/renderer/node_generator.go:478.2,480.16 3 1
github.com/canadadry/pml/compiler/renderer/node_generator.go:484.2,484.31 1 1
github.com/canadadry/pml/compiler/renderer/node_generator.go:470.16,472.3 1 1
github.com/canadadry/pml/compiler/renderer/node_generator.go:475.16,477.3 1 0
github.com/canadadry/pml/compiler/renderer/node_generator.go:480.16,482.3 1 0
github.com/canadadry/pml/compiler/renderer/node_generator.go:486.78,491.35 4 1
github.com/canadadry/pml/compiler/renderer/node_generator.go:516.2,516.16 1 1
github.com/canadadry/pml/compiler/renderer/node_generator.go:491.35,494.10 3 1
github.com/canadadry/pml/compiler/renderer/node_generator.go:497.3,497.35 1 1
github.com/canadadry/pml/compiler/renderer/node_generator.go:501.3,504.36 3 1
github.com/canadadry/pml/compiler/renderer/node_generator.go:494.10,496.4 1 0
github.com/canadadry/pml/compiler/renderer/node_generator.go:497.35,499.4 1 1
github.com/canadadry/pml/compiler/renderer/node_generator.go:504.36,510.16 6 1
github.com/canadadry/pml/compiler/renderer/node_generator.go:510.16,513.5 2 1
github.com/canadadry/pml/compiler/renderer/node_generator.go:524.48,524.69 1 1
github.com/canadadry/pml/compiler/renderer/node_generator.go:525.48,525.63 1 1
github.com/canadadry/pml/compiler/renderer/node_generator.go:526.52,527.22 1 1
github.com/canadadry/pml/compiler/renderer/node_generator.go:541.2,542.12 2 1
github.com/canadadry/pml/compiler/renderer/node_generator.go:528.21,529.31 1 1
github.com/canadadry/pml/compiler/renderer/node_generator.go:530.17,531.31 1 1
github.com/canadadry/pml/compiler/renderer/node_generator.go:532.22,532.22 0 1
github.com/canadadry/pml/compiler/renderer/node_generator.go:533.17,533.17 0 1
github.com/canadadry/pml/compiler/renderer/node_generator.go:534.17,535.31 1 1
github.com/canadadry/pml/compiler/renderer/node_generator.go:536.18,536.18 0 1
github.com/canadadry/pml/compiler/renderer/node_generator.go:537.19,537.19 0 1
github.com/canadadry/pml/compiler/renderer/node_generator.go:538.22,538.22 0 1
github.com/canadadry/pml/compiler/renderer/node_generator.go:539.22,539.22 0 1
github.com/canadadry/pml/compiler/renderer/node_generator.go:544.56,546.2 1 1
github.com/canadadry/pml/compiler/renderer/node_generator.go:548.78,550.2 1 1
github.com/canadadry/pml/compiler/renderer/node_renderer.go:20.46,25.2 1 1
github.com/canadadry/pml/compiler/renderer/node_renderer.go:27.49,30.16 2 1
github.com/canadadry/pml/compiler/renderer/node_renderer.go:33.2,35.16 3 1
github.com/canadadry/pml/compiler/renderer/node_renderer.go:38.2,38.29 1 1
github.com/canadadry/pml/compiler/renderer/node_renderer.go:30.16,32.3 1 1
github.com/canadadry/pml/compiler/renderer/node_renderer.go:35.16,37.3 1 1
github.com/canadadry/pml/compiler/renderer/node_renderer.go:41.71,44.16 2 1
github.com/canadadry/pml/compiler/renderer/node_renderer.go:48.2,48.28 1 1
github.com/canadadry/pml/compiler/renderer/node_renderer.go:57.2,57.12 1 1
github.com/canadadry/pml/compiler/renderer/node_renderer.go:44.16,46.3 1 1
github.com/canadadry/pml/compiler/renderer/node_renderer.go:48.28,49.41 1 1
github.com/canadadry/pml/compiler/renderer/node_renderer.go:49.41,51.18 2 1
github.com/canadadry/pml/compiler/renderer/node_renderer.go:51.18,53.5 1 1
github.com/canadadry/pml/pkg/matrix/matrix.go:24.10,28.2 1 1
github.com/canadadry/pml/pkg/matrix/matrix.go:30.24,32.2 1 1
github.com/canadadry/pml/pkg/matrix/matrix.go:34.32,36.2 1 1
github.com/canadadry/pml/pkg/matrix/matrix.go:38.45,50.2 1 1
github.com/canadadry/pml/pkg/matrix/matrix.go:52.86,54.2 1 1
github.com/canadadry/pml/pkg/matrix/matrix.go:56.71,59.2 2 1
github.com/canadadry/pml/pkg/matrix/matrix.go:61.54,68.2 2 1
github.com/canadadry/pml/pkg/matrix/matrix.go:70.46,80.2 4 1
github.com/canadadry/pml/pkg/matrix/matrix.go:82.58,90.2 2 1
github.com/canadadry/pml/pkg/matrix/matrix.go:92.50,94.44 2 1
github.com/canadadry/pml/pkg/matrix/matrix.go:97.2,97.44 1 1
github.com/canadadry/pml/pkg/matrix/matrix.go:100.2,100.44 1 1
github.com/canadadry/pml/pkg/matrix/matrix.go:103.2,103.44 1 1
github.com/canadadry/pml/pkg/matrix/matrix.go:106.2,106.44 1 1
github.com/canadadry/pml/pkg/matrix/matrix.go:109.2,109.44 1 1
github.com/canadadry/pml/pkg/matrix/matrix.go:112.2,112.44 1 1
github.com/canadadry/pml/pkg/matrix/matrix.go:115.2,115.44 1 1
github.com/canadadry/pml/pkg/matrix/matrix.go:118.2,118.44 1 1
github.com/canadadry/pml/pkg/matrix/matrix.go:121.2,121.12 1 1
github.com/canadadry/pml/pkg/matrix/matrix.go:94.44,96.3 1 1
github.com/canadadry/pml/pkg/matrix/matrix.go:97.44,99.3 1 0
github.com/canadadry/pml/pkg/matrix/matrix.go:100.44,102.3 1 1
github.com/canadadry/pml/pkg/matrix/matrix.go:103.44,105.3 1 0
github.com/canadadry/pml/pkg/matrix/matrix.go:106.44,108.3 1 0
github.com/canadadry/pml/pkg/matrix/matrix.go:109.44,111.3 1 0
github.com/canadadry/pml/pkg/matrix/matrix.go:112.44,114.3 1 0
github.com/canadadry/pml/pkg/matrix/matrix.go:115.44,117.3 1 0
github.com/canadadry/pml/pkg/matrix/matrix.go:118.44,120.3 1 0
github.com/canadadry/pml/main.go:13.13,14.30 1 0
github.com/canadadry/pml/main.go:14.30,17.3 2 0
github.com/canadadry/pml/main.go:20.18,28.25 5 0
github.com/canadadry/pml/main.go:33.2,34.16 2 0
github.com/canadadry/pml/main.go:37.2,41.16 4 0
github.com/canadadry/pml/main.go:47.2,48.16 2 0
github.com/canadadry/pml/main.go:51.2,53.59 2 0
github.com/canadadry/pml/main.go:28.25,31.3 2 0
github.com/canadadry/pml/main.go:34.16,36.3 1 0
github.com/canadadry/pml/main.go:41.16,43.3 1 0
github.com/canadadry/pml/main.go:43.8,45.3 1 0
github.com/canadadry/pml/main.go:48.16,50.3 1 0
github.com/canadadry/pml/pkg/svg/svg.go:10.96,13.16 2 1
github.com/canadadry/pml/pkg/svg/svg.go:17.2,18.16 2 1
github.com/canadadry/pml/pkg/svg/svg.go:22.2,22.21 1 1
github.com/canadadry/pml/pkg/svg/svg.go:13.16,15.3 1 0
github.com/canadadry/pml/pkg/svg/svg.go:18.16,20.3 1 0
github.com/canadadry/pml/pkg/svg/svgdrawer/drawer.go:29.53,33.2 1 0
github.com/canadadry/pml/pkg/svg/svgdrawer/drawer.go:35.53,39.2 1 0
github.com/canadadry/pml/pkg/svg/svgdrawer/drawer.go:41.105,45.2 1 0
github.com/canadadry/pml/pkg/svg/svgdrawer/drawer.go:47.46,51.2 1 0
github.com/canadadry/pml/pkg/pdf/pdf.go:43.45,47.2 1 0
github.com/canadadry/pml/pkg/pdf/pdf.go:49.49,55.2 1 0
github.com/canadadry/pml/pkg/pdf/pdf.go:57.25,59.2 1 0
github.com/canadadry/pml/pkg/pdf/pdf.go:61.42,63.2 1 0
github.com/canadadry/pml/pkg/pdf/pdf.go:65.73,67.2 1 0
github.com/canadadry/pml/pkg/pdf/pdf.go:69.68,75.45 5 0
github.com/canadadry/pml/pkg/pdf/pdf.go:81.2,82.12 2 0
github.com/canadadry/pml/pkg/pdf/pdf.go:75.45,77.17 2 0
github.com/canadadry/pml/pkg/pdf/pdf.go:77.17,79.4 1 0
github.com/canadadry/pml/pkg/pdf/pdf.go:85.60,89.2 2 0
github.com/canadadry/pml/pkg/pdf/pdf.go:91.43,93.2 1 0
github.com/canadadry/pml/pkg/pdf/pdf.go:95.42,97.2 1 0
github.com/canadadry/pml/pkg/pdf/pdf.go:99.115,101.9 2 0
github.com/canadadry/pml/pkg/pdf/pdf.go:104.2,105.74 2 0
github.com/canadadry/pml/pkg/pdf/pdf.go:101.9,103.3 1 0
github.com/canadadry/pml/pkg/pdf/pdf.go:108.78,112.32 4 0
github.com/canadadry/pml/pkg/pdf/pdf.go:119.2,119.29 1 0
github.com/canadadry/pml/pkg/pdf/pdf.go:112.32,114.27 2 0
github.com/canadadry/pml/pkg/pdf/pdf.go:117.3,117.25 1 0
github.com/canadadry/pml/pkg/pdf/pdf.go:114.27,116.4 1 0
github.com/canadadry/pml/pkg/pdf/pdf.go:122.95,145.2 7 0
github.com/canadadry/pml/pkg/pdf/pdf.go:147.93,149.2 1 0
github.com/canadadry/pml/pkg/pdf/pdf.go:151.43,153.2 1 0
github.com/canadadry/pml/pkg/pdf/pdf.go:155.44,157.2 1 0
github.com/canadadry/pml/pkg/pdf/pdf.go:159.44,161.2 1 0
github.com/canadadry/pml/pkg/pdf/pdf.go:163.96,166.2 1 0
github.com/canadadry/pml/pkg/pdf/pdf.go:168.47,177.12 6 0
github.com/canadadry/pml/pkg/pdf/pdf.go:180.2,180.22 1 0
github.com/canadadry/pml/pkg/pdf/pdf.go:184.2,184.24 1 0
github.com/canadadry/pml/pkg/pdf/pdf.go:177.12,179.3 1 0
github.com/canadadry/pml/pkg/pdf/pdf.go:180.22,182.3 1 0
github.com/canadadry/pml/pkg/pdf/pdf.go:187.39,189.24 2 0
github.com/canadadry/pml/pkg/pdf/pdf.go:192.2,192.22 1 0
github.com/canadadry/pml/pkg/pdf/pdf.go:189.24,191.3 1 0
github.com/canadadry/pml/pkg/pdf/pdf.go:195.48,200.2 4 0
github.com/canadadry/pml/pkg/svg/svgnode/circle.go:11.91,20.16 3 1
github.com/canadadry/pml/pkg/svg/svgnode/circle.go:23.2,24.16 2 1
github.com/canadadry/pml/pkg/svg/svgnode/circle.go:27.2,28.16 2 1
github.com/canadadry/pml/pkg/svg/svgnode/circle.go:33.2,43.16 3 1
github.com/canadadry/pml/pkg/svg/svgnode/circle.go:20.16,22.3 1 1
github.com/canadadry/pml/pkg/svg/svgnode/circle.go:24.16,26.3 1 1
github.com/canadadry/pml/pkg/svg/svgnode/circle.go:28.16,30.3 1 1
github.com/canadadry/pml/pkg/svg/svgnode/draw.go:8.51,12.34 2 1
github.com/canadadry/pml/pkg/svg/svgnode/draw.go:91.2,91.36 1 1
github.com/canadadry/pml/pkg/svg/svgnode/draw.go:97.2,97.12 1 1
github.com/canadadry/pml/pkg/svg/svgnode/draw.go:12.34,13.19 1 1
github.com/canadadry/pml/pkg/svg/svgnode/draw.go:14.12,18.18 4 1
github.com/canadadry/pml/pkg/svg/svgnode/draw.go:19.12,23.18 4 1
github.com/canadadry/pml/pkg/svg/svgnode/draw.go:24.12,28.18 4 1
github.com/canadadry/pml/pkg/svg/svgnode/draw.go:29.12,33.18 4 1
github.com/canadadry/pml/pkg/svg/svgnode/draw.go:34.12,37.18 3 1
github.com/canadadry/pml/pkg/svg/svgnode/draw.go:38.12,41.18 3 1
github.com/canadadry/pml/pkg/svg/svgnode/draw.go:42.12,45.18 3 1
github.com/canadadry/pml/pkg/svg/svgnode/draw.go:46.12,49.18 3 1
github.com/canadadry/pml/pkg/svg/svgnode/draw.go:50.12,51.44 1 1
github.com/canadadry/pml/pkg/svg/svgnode/draw.go:58.12,59.44 1 1
github.com/canadadry/pml/pkg/svg/svgnode/draw.go:66.12,67.44 1 1
github.com/canadadry/pml/pkg/svg/svgnode/draw.go:75.12,76.44 1 1
github.com/canadadry/pml/pkg/svg/svgnode/draw.go:84.12,85.28 1 1
github.com/canadadry/pml/pkg/svg/svgnode/draw.go:86.12,87.28 1 1
github.com/canadadry/pml/pkg/svg/svgnode/draw.go:51.44,57.5 5 1
github.com/canadadry/pml/pkg/svg/svgnode/draw.go:59.44,65.5 5 1
github.com/canadadry/pml/pkg/svg/svgnode/draw.go:67.44,74.5 6 1
github.com/canadadry/pml/pkg/svg/svgnode/draw.go:76.44,83.5 6 1
github.com/canadadry/pml/pkg/svg/svgnode/draw.go:91.36,93.17 2 0
github.com/canadadry/pml/pkg/svg/svgnode/draw.go:93.17,95.4 1 0
github.com/canadadry/pml/pkg/svg/svgnode/group.go:13.90,27.8 4 0
github.com/canadadry/pml/pkg/svg/svgnode/group.go:35.2,35.41 1 0
github.com/canadadry/pml/pkg/svg/svgnode/group.go:47.2,47.16 1 0
github.com/canadadry/pml/pkg/svg/svgnode/group.go:27.8,29.17 2 0
github.com/canadadry/pml/pkg/svg/svgnode/group.go:32.3,32.62 1 0
github.com/canadadry/pml/pkg/svg/svgnode/group.go:29.17,31.4 1 0
github.com/canadadry/pml/pkg/svg/svgnode/group.go:35.41,37.10 2 0
github.com/canadadry/pml/pkg/svg/svgnode/group.go:41.3,42.17 2 0
github.com/canadadry/pml/pkg/svg/svgnode/group.go:45.3,45.43 1 0
github.com/canadadry/pml/pkg/svg/svgnode/group.go:37.10,39.4 1 0
github.com/canadadry/pml/pkg/svg/svgnode/group.go:42.17,44.4 1 0
github.com/canadadry/pml/pkg/svg/svgnode/group.go:50.73,52.28 1 1
github.com/canadadry/pml/pkg/svg/svgnode/group.go:56.2,56.35 1 1
github.com/canadadry/pml/pkg/svg/svgnode/group.go:60.2,62.20 3 1
github.com/canadadry/pml/pkg/svg/svgnode/group.go:71.2,78.16 7 1
github.com/canadadry/pml/pkg/svg/svgnode/group.go:81.2,85.8 1 1
github.com/canadadry/pml/pkg/svg/svgnode/group.go:52.28,54.3 1 1
github.com/canadadry/pml/pkg/svg/svgnode/group.go:56.35,58.3 1 1
github.com/canadadry/pml/pkg/svg/svgnode/group.go:62.20,69.3 2 1
github.com/canadadry/pml/pkg/svg/svgnode/group.go:78.16,80.3 1 1
github.com/canadadry/pml/pkg/svg/svgnode/main.go:34.78,38.16 3 0
github.com/canadadry/pml/pkg/svg/svgnode/main.go:42.2,42.36 1 0
github.com/canadadry/pml/pkg/svg/svgnode/main.go:46.2,46.36 1 0
github.com/canadadry/pml/pkg/svg/svgnode/main.go:50.2,54.16 4 0
github.com/canadadry/pml/pkg/svg/svgnode/main.go:57.2,57.18 1 0
github.com/canadadry/pml/pkg/svg/svgnode/main.go:38.16,40.3 1 0
github.com/canadadry/pml/pkg/svg/svgnode/main.go:42.36,45.3 2 0
github.com/canadadry/pml/pkg/svg/svgnode/main.go:46.36,48.3 1 0
github.com/canadadry/pml/pkg/svg/svgnode/main.go:54.16,56.3 1 0
github.com/canadadry/pml/pkg/svg/svgnode/main.go:60.70,67.41 5 0
github.com/canadadry/pml/pkg/svg/svgnode/main.go:72.2,73.9 2 0
github.com/canadadry/pml/pkg/svg/svgnode/main.go:77.2,79.28 2 0
github.com/canadadry/pml/pkg/svg/svgnode/main.go:83.2,84.16 2 0
github.com/canadadry/pml/pkg/svg/svgnode/main.go:87.2,88.16 2 0
github.com/canadadry/pml/pkg/svg/svgnode/main.go:91.2,92.16 2 0
github.com/canadadry/pml/pkg/svg/svgnode/main.go:95.2,96.16 2 0
github.com/canadadry/pml/pkg/svg/svgnode/main.go:100.2,100.16 1 0
github.com/canadadry/pml/pkg/svg/svgnode/main.go:67.41,70.3 2 0
github.com/canadadry/pml/pkg/svg/svgnode/main.go:73.9,75.3 1 0
github.com/canadadry/pml/pkg/svg/svgnode/main.go:79.28,81.3 1 0
github.com/canadadry/pml/pkg/svg/svgnode/main.go:84.16,86.3 1 0
github.com/canadadry/pml/pkg/svg/svgnode/main.go:88.16,90.3 1 0
github.com/canadadry/pml/pkg/svg/svgnode/main.go:92.16,94.3 1 0
github.com/canadadry/pml/pkg/svg/svgnode/main.go:96.16,98.3 1 0
github.com/canadadry/pml/pkg/svg/svgnode/path.go:10.89,17.9 3 1
github.com/canadadry/pml/pkg/svg/svgnode/path.go:21.2,22.16 2 1
github.com/canadadry/pml/pkg/svg/svgnode/path.go:26.2,28.16 2 1
github.com/canadadry/pml/pkg/svg/svgnode/path.go:17.9,19.3 1 0
github.com/canadadry/pml/pkg/svg/svgnode/path.go:22.16,24.3 1 0
github.com/canadadry/pml/pkg/svg/svgnode/rectangle.go:10.94,19.16 3 1
github.com/canadadry/pml/pkg/svg/svgnode/rectangle.go:22.2,23.16 2 1
github.com/canadadry/pml/pkg/svg/svgnode/rectangle.go:26.2,27.16 2 1
github.com/canadadry/pml/pkg/svg/svgnode/rectangle.go:30.2,31.16 2 1
github.com/canadadry/pml/pkg/svg/svgnode/rectangle.go:35.2,43.16 2 1
github.com/canadadry/pml/pkg/svg/svgnode/rectangle.go:19.16,21.3 1 1
github.com/canadadry/pml/pkg/svg/svgnode/rectangle.go:23.16,25.3 1 1
github.com/canadadry/pml/pkg/svg/svgnode/rectangle.go:27.16,29.3 1 1
github.com/canadadry/pml/pkg/svg/svgnode/rectangle.go:31.16,33.3 1 1
github.com/canadadry/pml/pkg/svg/svgnode/style.go:13.95,22.9 3 1
github.com/canadadry/pml/pkg/svg/svgnode/style.go:26.2,28.25 2 0
github.com/canadadry/pml/pkg/svg/svgnode/style.go:61.2,61.10 1 0
github.com/canadadry/pml/pkg/svg/svgnode/style.go:22.9,24.3 1 1
github.com/canadadry/pml/pkg/svg/svgnode/style.go:28.25,30.20 2 0
github.com/canadadry/pml/pkg/svg/svgnode/style.go:33.3,33.17 1 0
github.com/canadadry/pml/pkg/svg/svgnode/style.go:30.20,31.12 1 0
github.com/canadadry/pml/pkg/svg/svgnode/style.go:34.15,36.18 2 0
github.com/canadadry/pml/pkg/svg/svgnode/style.go:39.4,40.17 2 0
github.com/canadadry/pml/pkg/svg/svgnode/style.go:41.17,43.18 2 0
github.com/canadadry/pml/pkg/svg/svgnode/style.go:46.4,47.22 2 0
github.com/canadadry/pml/pkg/svg/svgnode/style.go:48.23,50.38 1 0
github.com/canadadry/pml/pkg/svg/svgnode/style.go:36.18,37.13 1 0
github.com/canadadry/pml/pkg/svg/svgnode/style.go:43.18,44.13 1 0
github.com/canadadry/pml/pkg/svg/svgnode/style.go:50.38,52.19 2 0
github.com/canadadry/pml/pkg/svg/svgnode/style.go:55.5,56.28 2 0
github.com/canadadry/pml/pkg/svg/svgnode/style.go:52.19,53.14 1 0
github.com/canadadry/pml/pkg/svg/svgnode/style.go:64.60,66.52 1 0
github.com/canadadry/pml/pkg/svg/svgnode/style.go:74.2,76.25 3 0
github.com/canadadry/pml/pkg/svg/svgnode/style.go:79.2,80.16 2 0
github.com/canadadry/pml/pkg/svg/svgnode/style.go:83.2,84.16 2 0
github.com/canadadry/pml/pkg/svg/svgnode/style.go:87.2,88.16 2 0
github.com/canadadry/pml/pkg/svg/svgnode/style.go:92.2,92.57 1 0
github.com/canadadry/pml/pkg/svg/svgnode/style.go:66.52,68.10 2 0
github.com/canadadry/pml/pkg/svg/svgnode/style.go:71.3,71.18 1 0
github.com/canadadry/pml/pkg/svg/svgnode/style.go:68.10,70.4 1 0
github.com/canadadry/pml/pkg/svg/svgnode/style.go:76.25,78.3 1 0
github.com/canadadry/pml/pkg/svg/svgnode/style.go:80.16,82.3 1 0
github.com/canadadry/pml/pkg/svg/svgnode/style.go:84.16,86.3 1 0
github.com/canadadry/pml/pkg/svg/svgnode/style.go:88.16,90.3 1 0
github.com/canadadry/pml/pkg/svg/svgparser/svg_parser.go:25.48,27.16 2 1
github.com/canadadry/pml/pkg/svg/svgparser/svg_parser.go:30.2,33.16 4 1
github.com/canadadry/pml/pkg/svg/svgparser/svg_parser.go:36.2,36.65 1 1
github.com/canadadry/pml/pkg/svg/svgparser/svg_parser.go:39.2,39.21 1 1
github.com/canadadry/pml/pkg/svg/svgparser/svg_parser.go:27.16,29.3 1 0
github.com/canadadry/pml/pkg/svg/svgparser/svg_parser.go:33.16,35.3 1 0
github.com/canadadry/pml/pkg/svg/svgparser/svg_parser.go:36.65,38.3 1 0
github.com/canadadry/pml/pkg/svg/svgparser/svg_parser.go:42.62,43.6 1 1
github.com/canadadry/pml/pkg/svg/svgparser/svg_parser.go:58.2,58.24 1 1
github.com/canadadry/pml/pkg/svg/svgparser/svg_parser.go:43.6,45.36 2 1
github.com/canadadry/pml/pkg/svg/svgparser/svg_parser.go:49.3,49.17 1 1
github.com/canadadry/pml/pkg/svg/svgparser/svg_parser.go:53.3,53.34 1 1
github.com/canadadry/pml/pkg/svg/svgparser/svg_parser.go:45.36,46.9 1 1
github.com/canadadry/pml/pkg/svg/svgparser/svg_parser.go:49.17,51.4 1 0
github.com/canadadry/pml/pkg/svg/svgparser/svg_parser.go:54.25,55.35 1 1
github.com/canadadry/pml/pkg/svg/svgparser/svg_parser.go:61.50,64.34 3 1
github.com/canadadry/pml/pkg/svg/svgparser/svg_parser.go:67.2,69.16 3 1
github.com/canadadry/pml/pkg/svg/svgparser/svg_parser.go:64.34,66.3 1 1
github.com/canadadry/pml/pkg/svg/svgparser/svg_parser.go:72.54,73.6 1 1
github.com/canadadry/pml/pkg/svg/svgparser/svg_parser.go:105.2,105.12 1 1
github.com/canadadry/pml/pkg/svg/svgparser/svg_parser.go:73.6,75.36 2 1
github.com/canadadry/pml/pkg/svg/svgparser/svg_parser.go:79.3,79.17 1 1
github.com/canadadry/pml/pkg/svg/svgparser/svg_parser.go:83.3,83.34 1 1
github.com/canadadry/pml/pkg/svg/svgparser/svg_parser.go:75.36,76.9 1 1
github.com/canadadry/pml/pkg/svg/svgparser/svg_parser.go:79.17,81.4 1 0
github.com/canadadry/pml/pkg/svg/svgparser/svg_parser.go:84.25,87.18 3 1
github.com/canadadry/pml/pkg/svg/svgparser/svg_parser.go:91.4,91.48 1 1
github.com/canadadry/pml/pkg/svg/svgparser/svg_parser.go:93.21,95.18 2 1
github.com/canadadry/pml/pkg/svg/svgparser/svg_parser.go:99.23,100.36 1 1
github.com/canadadry/pml/pkg/svg/svgparser/svg_parser.go:87.18,89.5 1 0
github.com/canadadry/pml/pkg/svg/svgparser/svg_parser.go:95.18,97.5 1 1
github.com/canadadry/pml/pkg/svg/svgparser/svg_parser.go:100.36,102.5 1 1
github.com/canadadry/pml/pkg/svg/svgparser/svg_parser.go:108.75,110.9 2 0
github.com/canadadry/pml/pkg/svg/svgparser/svg_parser.go:114.2,115.16 2 0
github.com/canadadry/pml/pkg/svg/svgparser/svg_parser.go:119.2,119.20 1 0
github.com/canadadry/pml/pkg/svg/svgparser/svg_parser.go:110.9,112.3 1 0
github.com/canadadry/pml/pkg/svg/svgparser/svg_parser.go:115.16,117.3 1 0
github.com/canadadry/pml/pkg/svg/svgpath/main.go:10.44,15.16 4 0
github.com/canadadry/pml/pkg/svg/svgpath/main.go:19.2,19.31 1 0
github.com/canadadry/pml/pkg/svg/svgpath/main.go:24.2,24.22 1 0
github.com/canadadry/pml/pkg/svg/svgpath/main.go:15.16,17.3 1 0
github.com/canadadry/pml/pkg/svg/svgpath/main.go:19.31,20.36 1 0
github.com/canadadry/pml/pkg/svg/svgpath/main.go:20.36,22.4 1 0
github.com/canadadry/pml/pkg/svg/svgpath/parser.go:17.33,23.2 1 1
github.com/canadadry/pml/pkg/svg/svgpath/parser.go:25.45,28.30 2 1
github.com/canadadry/pml/pkg/svg/svgpath/parser.go:35.2,35.18 1 1
github.com/canadadry/pml/pkg/svg/svgpath/parser.go:28.30,30.17 2 1
github.com/canadadry/pml/pkg/svg/svgpath/parser.go:33.3,33.27 1 1
github.com/canadadry/pml/pkg/svg/svgpath/parser.go:30.17,32.4 1 1
github.com/canadadry/pml/pkg/svg/svgpath/parser.go:38.50,41.33 2 1
github.com/canadadry/pml/pkg/svg/svgpath/parser.go:45.2,49.32 3 1
github.com/canadadry/pml/pkg/svg/svgpath/parser.go:61.2,61.17 1 1
github.com/canadadry/pml/pkg/svg/svgpath/parser.go:41.33,43.3 1 1
github.com/canadadry/pml/pkg/svg/svgpath/parser.go:49.32,51.17 2 1
github.com/canadadry/pml/pkg/svg/svgpath/parser.go:59.3,59.41 1 1
github.com/canadadry/pml/pkg/svg/svgpath/parser.go:51.17,52.28 1 1
github.com/canadadry/pml/pkg/svg/svgpath/parser.go:55.4,55.46 1 1
github.com/canadadry/pml/pkg/svg/svgpath/parser.go:52.28,54.5 1 1
github.com/canadadry/pml/pkg/svg/svgpath/parser.go:55.46,57.5 1 0
github.com/canadadry/pml/pkg/svg/svgpath/parser.go:64.46,70.29 4 1
github.com/canadadry/pml/pkg/svg/svgpath/parser.go:74.2,74.32 1 1
github.com/canadadry/pml/pkg/svg/svgpath/parser.go:77.2,81.19 3 1
github.com/canadadry/pml/pkg/svg/svgpath/parser.go:70.29,72.3 1 1
github.com/canadadry/pml/pkg/svg/svgpath/parser.go:74.32,76.3 1 1
github.com/canadadry/pml/pkg/svg/svgpath/parser.go:84.34,87.2 2 1
github.com/canadadry/pml/pkg/svg/svgpath/parser.go:89.52,91.2 1 1
github.com/canadadry/pml/pkg/svg/svgpath/validator.go:3.40,5.18 1 1
github.com/canadadry/pml/pkg/svg/svgpath/validator.go:48.2,48.14 1 0
github.com/canadadry/pml/pkg/svg/svgpath/validator.go:6.11,7.30 1 1
github.com/canadadry/pml/pkg/svg/svgpath/validator.go:8.11,9.30 1 1
github.com/canadadry/pml/pkg/svg/svgpath/validator.go:10.11,11.30 1 1
github.com/canadadry/pml/pkg/svg/svgpath/validator.go:12.11,13.30 1 1
github.com/canadadry/pml/pkg/svg/svgpath/validator.go:14.11,15.30 1 1
github.com/canadadry/pml/pkg/svg/svgpath/validator.go:16.11,17.30 1 1
github.com/canadadry/pml/pkg/svg/svgpath/validator.go:18.11,19.55 1 1
github.com/canadadry/pml/pkg/svg/svgpath/validator.go:20.11,21.55 1 1
github.com/canadadry/pml/pkg/svg/svgpath/validator.go:22.11,23.55 1 1
github.com/canadadry/pml/pkg/svg/svgpath/validator.go:24.11,25.55 1 1
github.com/canadadry/pml/pkg/svg/svgpath/validator.go:26.11,27.27 1 1
github.com/canadadry/pml/pkg/svg/svgpath/validator.go:30.3,30.30 1 1
github.com/canadadry/pml/pkg/svg/svgpath/validator.go:31.11,32.27 1 1
github.com/canadadry/pml/pkg/svg/svgpath/validator.go:35.3,35.30 1 1
github.com/canadadry/pml/pkg/svg/svgpath/validator.go:36.11,37.27 1 1
github.com/canadadry/pml/pkg/svg/svgpath/validator.go:40.3,40.30 1 1
github.com/canadadry/pml/pkg/svg/svgpath/validator.go:42.11,43.27 1 1
github.com/canadadry/pml/pkg/svg/svgpath/validator.go:46.3,46.30 1 1
github.com/canadadry/pml/pkg/svg/svgpath/validator.go:27.27,29.4 1 1
github.com/canadadry/pml/pkg/svg/svgpath/validator.go:32.27,34.4 1 1
github.com/canadadry/pml/pkg/svg/svgpath/validator.go:37.27,39.4 1 1
github.com/canadadry/pml/pkg/svg/svgpath/validator.go:43.27,45.4 1 1
github.com/canadadry/pml/pkg/svg/svgpath/ast.go:18.36,22.29 2 1
github.com/canadadry/pml/pkg/svg/svgpath/ast.go:26.2,26.58 1 1
github.com/canadadry/pml/pkg/svg/svgpath/ast.go:22.29,24.3 1 1
github.com/canadadry/pml/pkg/svg/svgpath/lexer.go:10.37,19.2 3 1
github.com/canadadry/pml/pkg/svg/svgpath/lexer.go:21.42,22.29 1 1
github.com/canadadry/pml/pkg/svg/svgpath/lexer.go:25.2,30.18 2 1
github.com/canadadry/pml/pkg/svg/svgpath/lexer.go:59.2,59.12 1 1
github.com/canadadry/pml/pkg/svg/svgpath/lexer.go:22.29,24.3 1 1
github.com/canadadry/pml/pkg/svg/svgpath/lexer.go:31.11,33.19 2 1
github.com/canadadry/pml/pkg/svg/svgpath/lexer.go:34.9,37.19 3 1
github.com/canadadry/pml/pkg/svg/svgpath/lexer.go:38.11,42.23 4 1
github.com/canadadry/pml/pkg/svg/svgpath/lexer.go:43.10,44.10 1 1
github.com/canadadry/pml/pkg/svg/svgpath/lexer.go:45.27,48.20 3 1
github.com/canadadry/pml/pkg/svg/svgpath/lexer.go:49.28,52.24 3 1
github.com/canadadry/pml/pkg/svg/svgpath/lexer.go:53.11,55.20 2 1
github.com/canadadry/pml/pkg/svg/svgpath/lexer.go:62.32,65.36 2 1
github.com/canadadry/pml/pkg/svg/svgpath/lexer.go:69.2,70.17 2 1
github.com/canadadry/pml/pkg/svg/svgpath/lexer.go:65.36,67.3 1 1
github.com/canadadry/pml/pkg/svg/svgpath/lexer.go:74.29,76.2 1 1
github.com/canadadry/pml/pkg/svg/svgpath/lexer.go:78.30,80.2 1 1
github.com/canadadry/pml/pkg/svg/svgpath/lexer.go:82.55,84.26 2 1
github.com/canadadry/pml/pkg/svg/svgpath/lexer.go:88.2,88.21 1 1
github.com/canadadry/pml/pkg/svg/svgpath/lexer.go:95.2,95.50 1 1
github.com/canadadry/pml/pkg/svg/svgpath/lexer.go:84.26,86.3 1 1
github.com/canadadry/pml/pkg/svg/svgpath/lexer.go:88.21,90.27 2 1
github.com/canadadry/pml/pkg/svg/svgpath/lexer.go:90.27,92.4 1 1
github.com/canadadry/pml/pkg/svg/svgpath/lexer.go:97.26,99.2 1 1
github.com/canadadry/pml/pkg/svg/svgpath/lexer.go:101.33,103.2 1 1
github.com/canadadry/pml/pkg/template/template.go:12.63,14.16 2 0
github.com/canadadry/pml/pkg/template/template.go:17.2,17.18 1 0
github.com/canadadry/pml/pkg/template/template.go:21.2,23.16 3 0
github.com/canadadry/pml/pkg/template/template.go:27.2,28.16 2 0
github.com/canadadry/pml/pkg/template/template.go:32.2,36.26 4 0
github.com/canadadry/pml/pkg/template/template.go:14.16,16.3 1 0
github.com/canadadry/pml/pkg/template/template.go:17.18,19.3 1 0
github.com/canadadry/pml/pkg/template/template.go:23.16,25.3 1 0
github.com/canadadry/pml/pkg/template/template.go:28.16,30.3 1 0
